# JRE version: OpenJDK Runtime Environment (8.0_152-b01) (build 1.8.0_152-release-1343-b01)
# Java VM: OpenJDK 64-Bit Server VM (25.152-b01 mixed mode windows-amd64 compressed oops)
Heap:
 PSYoungGen      total 156672K, used 68793K [0x00000000e0000000, 0x00000000eb480000, 0x0000000100000000)
  eden space 135680K, 43% used [0x00000000e0000000,0x00000000e39ffd60,0x00000000e8480000)
  from space 20992K, 44% used [0x00000000e8480000,0x00000000e8daea88,0x00000000e9900000)
  to   space 20480K, 0% used [0x00000000ea080000,0x00000000ea080000,0x00000000eb480000)
 ParOldGen       total 180224K, used 61628K [0x00000000a0000000, 0x00000000ab000000, 0x00000000e0000000)
  object space 180224K, 34% used [0x00000000a0000000,0x00000000a3c2f0c8,0x00000000ab000000)
 Metaspace       used 95425K, capacity 99140K, committed 100264K, reserved 1136640K
  class space    used 12000K, capacity 12729K, committed 12968K, reserved 1048576K
GC Heap History (10 events):
Event: 1004.323 GC heap before
{Heap before GC invocations=21 (full 3):
 PSYoungGen      total 144384K, used 144113K [0x00000000e0000000, 0x00000000eae00000, 0x0000000100000000)
  eden space 136704K, 100% used [0x00000000e0000000,0x00000000e8580000,0x00000000e8580000)
  from space 7680K, 96% used [0x00000000e9880000,0x00000000e9fbc518,0x00000000ea000000)
  to   space 14336K, 0% used [0x00000000ea000000,0x00000000ea000000,0x00000000eae00000)
 ParOldGen       total 110080K, used 54194K [0x00000000a0000000, 0x00000000a6b80000, 0x00000000e0000000)
  object space 110080K, 49% used [0x00000000a0000000,0x00000000a34ec8c0,0x00000000a6b80000)
 Metaspace       used 91242K, capacity 95440K, committed 95528K, reserved 1132544K
  class space    used 11781K, capacity 12573K, committed 12584K, reserved 1048576K
Event: 1004.332 GC heap after
Heap after GC invocations=21 (full 3):
 PSYoungGen      total 142848K, used 10093K [0x00000000e0000000, 0x00000000eaa00000, 0x0000000100000000)
  eden space 132608K, 0% used [0x00000000e0000000,0x00000000e0000000,0x00000000e8180000)
  from space 10240K, 98% used [0x00000000ea000000,0x00000000ea9db4f8,0x00000000eaa00000)
  to   space 17408K, 0% used [0x00000000e8800000,0x00000000e8800000,0x00000000e9900000)
 ParOldGen       total 110080K, used 54202K [0x00000000a0000000, 0x00000000a6b80000, 0x00000000e0000000)
  object space 110080K, 49% used [0x00000000a0000000,0x00000000a34ee8c0,0x00000000a6b80000)
 Metaspace       used 91242K, capacity 95440K, committed 95528K, reserved 1132544K
  class space    used 11781K, capacity 12573K, committed 12584K, reserved 1048576K
}
Event: 1009.365 GC heap before
{Heap before GC invocations=22 (full 3):
 PSYoungGen      total 142848K, used 117397K [0x00000000e0000000, 0x00000000eaa00000, 0x0000000100000000)
  eden space 132608K, 80% used [0x00000000e0000000,0x00000000e68ca228,0x00000000e8180000)
  from space 10240K, 98% used [0x00000000ea000000,0x00000000ea9db4f8,0x00000000eaa00000)
  to   space 17408K, 0% used [0x00000000e8800000,0x00000000e8800000,0x00000000e9900000)
 ParOldGen       total 110080K, used 54202K [0x00000000a0000000, 0x00000000a6b80000, 0x00000000e0000000)
  object space 110080K, 49% used [0x00000000a0000000,0x00000000a34ee8c0,0x00000000a6b80000)
 Metaspace       used 94259K, capacity 98494K, committed 98600K, reserved 1134592K
  class space    used 12066K, capacity 12840K, committed 12840K, reserved 1048576K
Event: 1009.378 GC heap after
Heap after GC invocations=22 (full 3):
 PSYoungGen      total 145920K, used 17403K [0x00000000e0000000, 0x00000000ea780000, 0x0000000100000000)
  eden space 128512K, 0% used [0x00000000e0000000,0x00000000e0000000,0x00000000e7d80000)
  from space 17408K, 99% used [0x00000000e8800000,0x00000000e98fef88,0x00000000e9900000)
  to   space 14848K, 0% used [0x00000000e9900000,0x00000000e9900000,0x00000000ea780000)
 ParOldGen       total 110080K, used 59999K [0x00000000a0000000, 0x00000000a6b80000, 0x00000000e0000000)
  object space 110080K, 54% used [0x00000000a0000000,0x00000000a3a97f98,0x00000000a6b80000)
 Metaspace       used 94259K, capacity 98494K, committed 98600K, reserved 1134592K
  class space    used 12066K, capacity 12840K, committed 12840K, reserved 1048576K
}
Event: 1009.378 GC heap before
{Heap before GC invocations=23 (full 4):
 PSYoungGen      total 145920K, used 17403K [0x00000000e0000000, 0x00000000ea780000, 0x0000000100000000)
  eden space 128512K, 0% used [0x00000000e0000000,0x00000000e0000000,0x00000000e7d80000)
  from space 17408K, 99% used [0x00000000e8800000,0x00000000e98fef88,0x00000000e9900000)
  to   space 14848K, 0% used [0x00000000e9900000,0x00000000e9900000,0x00000000ea780000)
 ParOldGen       total 110080K, used 59999K [0x00000000a0000000, 0x00000000a6b80000, 0x00000000e0000000)
  object space 110080K, 54% used [0x00000000a0000000,0x00000000a3a97f98,0x00000000a6b80000)
 Metaspace       used 94259K, capacity 98494K, committed 98600K, reserved 1134592K
  class space    used 12066K, capacity 12840K, committed 12840K, reserved 1048576K
Event: 1009.547 GC heap after
Heap after GC invocations=23 (full 4):
 PSYoungGen      total 145920K, used 0K [0x00000000e0000000, 0x00000000ea780000, 0x0000000100000000)
  eden space 128512K, 0% used [0x00000000e0000000,0x00000000e0000000,0x00000000e7d80000)
  from space 17408K, 0% used [0x00000000e8800000,0x00000000e8800000,0x00000000e9900000)
  to   space 14848K, 0% used [0x00000000e9900000,0x00000000e9900000,0x00000000ea780000)
 ParOldGen       total 180224K, used 61620K [0x00000000a0000000, 0x00000000ab000000, 0x00000000e0000000)
  object space 180224K, 34% used [0x00000000a0000000,0x00000000a3c2d0c8,0x00000000ab000000)
 Metaspace       used 93925K, capacity 97540K, committed 98600K, reserved 1134592K
  class space    used 11954K, capacity 12651K, committed 12840K, reserved 1048576K
}
Event: 1048.721 GC heap before
{Heap before GC invocations=24 (full 4):
 PSYoungGen      total 145920K, used 128512K [0x00000000e0000000, 0x00000000ea780000, 0x0000000100000000)
  eden space 128512K, 100% used [0x00000000e0000000,0x00000000e7d80000,0x00000000e7d80000)
  from space 17408K, 0% used [0x00000000e8800000,0x00000000e8800000,0x00000000e9900000)
  to   space 14848K, 0% used [0x00000000e9900000,0x00000000e9900000,0x00000000ea780000)
 ParOldGen       total 180224K, used 61620K [0x00000000a0000000, 0x00000000ab000000, 0x00000000e0000000)
  object space 180224K, 34% used [0x00000000a0000000,0x00000000a3c2d0c8,0x00000000ab000000)
 Metaspace       used 94580K, capacity 98222K, committed 99496K, reserved 1136640K
  class space    used 11975K, capacity 12684K, committed 12968K, reserved 1048576K
Event: 1048.732 GC heap after
Heap after GC invocations=24 (full 4):
 PSYoungGen      total 150528K, used 7857K [0x00000000e0000000, 0x00000000eae80000, 0x0000000100000000)
  eden space 135680K, 0% used [0x00000000e0000000,0x00000000e0000000,0x00000000e8480000)
  from space 14848K, 52% used [0x00000000e9900000,0x00000000ea0ac528,0x00000000ea780000)
  to   space 20992K, 0% used [0x00000000e8480000,0x00000000e8480000,0x00000000e9900000)
 ParOldGen       total 180224K, used 61620K [0x00000000a0000000, 0x00000000ab000000, 0x00000000e0000000)
  object space 180224K, 34% used [0x00000000a0000000,0x00000000a3c2d0c8,0x00000000ab000000)
 Metaspace       used 94580K, capacity 98222K, committed 99496K, reserved 1136640K
  class space    used 11975K, capacity 12684K, committed 12968K, reserved 1048576K
}
Event: 1052.233 GC heap before
{Heap before GC invocations=25 (full 4):
 PSYoungGen      total 150528K, used 143537K [0x00000000e0000000, 0x00000000eae80000, 0x0000000100000000)
  eden space 135680K, 100% used [0x00000000e0000000,0x00000000e8480000,0x00000000e8480000)
  from space 14848K, 52% used [0x00000000e9900000,0x00000000ea0ac528,0x00000000ea780000)
  to   space 20992K, 0% used [0x00000000e8480000,0x00000000e8480000,0x00000000e9900000)
 ParOldGen       total 180224K, used 61620K [0x00000000a0000000, 0x00000000ab000000, 0x00000000e0000000)
  object space 180224K, 34% used [0x00000000a0000000,0x00000000a3c2d0c8,0x00000000ab000000)
 Metaspace       used 95173K, capacity 98836K, committed 100008K, reserved 1136640K
  class space    used 11995K, capacity 12727K, committed 12968K, reserved 1048576K
Event: 1052.238 GC heap after
Heap after GC invocations=25 (full 4):
 PSYoungGen      total 156672K, used 9402K [0x00000000e0000000, 0x00000000eb480000, 0x0000000100000000)
  eden space 135680K, 0% used [0x00000000e0000000,0x00000000e0000000,0x00000000e8480000)
  from space 20992K, 44% used [0x00000000e8480000,0x00000000e8daea88,0x00000000e9900000)
  to   space 20480K, 0% used [0x00000000ea080000,0x00000000ea080000,0x00000000eb480000)
 ParOldGen       total 180224K, used 61628K [0x00000000a0000000, 0x00000000ab000000, 0x00000000e0000000)
  object space 180224K, 34% used [0x00000000a0000000,0x00000000a3c2f0c8,0x00000000ab000000)
 Metaspace       used 95173K, capacity 98836K, committed 100008K, reserved 1136640K
  class space    used 11995K, capacity 12727K, committed 12968K, reserved 1048576K
}

