# JRE version: OpenJDK Runtime Environment (8.0_152-b01) (build 1.8.0_152-release-1343-b01)
# Java VM: OpenJDK 64-Bit Server VM (25.152-b01 mixed mode windows-amd64 compressed oops)
Heap:
 PSYoungGen      total 63488K, used 27827K [0x00000000e0000000, 0x00000000e4780000, 0x0000000100000000)
  eden space 53760K, 37% used [0x00000000e0000000,0x00000000e13a9988,0x00000000e3480000)
  from space 9728K, 79% used [0x00000000e3480000,0x00000000e3c03480,0x00000000e3e00000)
  to   space 8192K, 0% used [0x00000000e3f80000,0x00000000e3f80000,0x00000000e4780000)
 ParOldGen       total 59392K, used 9814K [0x00000000a0000000, 0x00000000a3a00000, 0x00000000e0000000)
  object space 59392K, 16% used [0x00000000a0000000,0x00000000a0995a88,0x00000000a3a00000)
 Metaspace       used 32564K, capacity 33154K, committed 33456K, reserved 1077248K
  class space    used 4478K, capacity 4691K, committed 4784K, reserved 1048576K
GC Heap History (10 events):
Event: 4.749 GC heap before
{Heap before GC invocations=6 (full 0):
 PSYoungGen      total 37888K, used 13320K [0x00000000e0000000, 0x00000000e3500000, 0x0000000100000000)
  eden space 32768K, 25% used [0x00000000e0000000,0x00000000e0809100,0x00000000e2000000)
  from space 5120K, 99% used [0x00000000e2080000,0x00000000e2579050,0x00000000e2580000)
  to   space 10752K, 0% used [0x00000000e2a80000,0x00000000e2a80000,0x00000000e3500000)
 ParOldGen       total 87552K, used 9329K [0x00000000a0000000, 0x00000000a5580000, 0x00000000e0000000)
  object space 87552K, 10% used [0x00000000a0000000,0x00000000a091c4e8,0x00000000a5580000)
 Metaspace       used 20769K, capacity 21258K, committed 21296K, reserved 1067008K
  class space    used 2904K, capacity 3091K, committed 3120K, reserved 1048576K
Event: 4.753 GC heap after
Heap after GC invocations=6 (full 0):
 PSYoungGen      total 44032K, used 6590K [0x00000000e0000000, 0x00000000e5400000, 0x0000000100000000)
  eden space 33280K, 0% used [0x00000000e0000000,0x00000000e0000000,0x00000000e2080000)
  from space 10752K, 61% used [0x00000000e2a80000,0x00000000e30efac0,0x00000000e3500000)
  to   space 10240K, 0% used [0x00000000e2080000,0x00000000e2080000,0x00000000e2a80000)
 ParOldGen       total 87552K, used 9337K [0x00000000a0000000, 0x00000000a5580000, 0x00000000e0000000)
  object space 87552K, 10% used [0x00000000a0000000,0x00000000a091e4e8,0x00000000a5580000)
 Metaspace       used 20769K, capacity 21258K, committed 21296K, reserved 1067008K
  class space    used 2904K, capacity 3091K, committed 3120K, reserved 1048576K
}
Event: 4.753 GC heap before
{Heap before GC invocations=7 (full 1):
 PSYoungGen      total 44032K, used 6590K [0x00000000e0000000, 0x00000000e5400000, 0x0000000100000000)
  eden space 33280K, 0% used [0x00000000e0000000,0x00000000e0000000,0x00000000e2080000)
  from space 10752K, 61% used [0x00000000e2a80000,0x00000000e30efac0,0x00000000e3500000)
  to   space 10240K, 0% used [0x00000000e2080000,0x00000000e2080000,0x00000000e2a80000)
 ParOldGen       total 87552K, used 9337K [0x00000000a0000000, 0x00000000a5580000, 0x00000000e0000000)
  object space 87552K, 10% used [0x00000000a0000000,0x00000000a091e4e8,0x00000000a5580000)
 Metaspace       used 20769K, capacity 21258K, committed 21296K, reserved 1067008K
  class space    used 2904K, capacity 3091K, committed 3120K, reserved 1048576K
Event: 4.782 GC heap after
Heap after GC invocations=7 (full 1):
 PSYoungGen      total 44032K, used 0K [0x00000000e0000000, 0x00000000e5400000, 0x0000000100000000)
  eden space 33280K, 0% used [0x00000000e0000000,0x00000000e0000000,0x00000000e2080000)
  from space 10752K, 0% used [0x00000000e2a80000,0x00000000e2a80000,0x00000000e3500000)
  to   space 10240K, 0% used [0x00000000e2080000,0x00000000e2080000,0x00000000e2a80000)
 ParOldGen       total 59392K, used 9790K [0x00000000a0000000, 0x00000000a3a00000, 0x00000000e0000000)
  object space 59392K, 16% used [0x00000000a0000000,0x00000000a098fa88,0x00000000a3a00000)
 Metaspace       used 20769K, capacity 21258K, committed 21296K, reserved 1067008K
  class space    used 2904K, capacity 3091K, committed 3120K, reserved 1048576K
}
Event: 6.040 GC heap before
{Heap before GC invocations=8 (full 1):
 PSYoungGen      total 44032K, used 33280K [0x00000000e0000000, 0x00000000e5400000, 0x0000000100000000)
  eden space 33280K, 100% used [0x00000000e0000000,0x00000000e2080000,0x00000000e2080000)
  from space 10752K, 0% used [0x00000000e2a80000,0x00000000e2a80000,0x00000000e3500000)
  to   space 10240K, 0% used [0x00000000e2080000,0x00000000e2080000,0x00000000e2a80000)
 ParOldGen       total 59392K, used 9790K [0x00000000a0000000, 0x00000000a3a00000, 0x00000000e0000000)
  object space 59392K, 16% used [0x00000000a0000000,0x00000000a098fa88,0x00000000a3a00000)
 Metaspace       used 25837K, capacity 26358K, committed 26544K, reserved 1073152K
  class space    used 3486K, capacity 3676K, committed 3760K, reserved 1048576K
Event: 6.042 GC heap after
Heap after GC invocations=8 (full 1):
 PSYoungGen      total 43520K, used 4548K [0x00000000e0000000, 0x00000000e4980000, 0x0000000100000000)
  eden space 33280K, 0% used [0x00000000e0000000,0x00000000e0000000,0x00000000e2080000)
  from space 10240K, 44% used [0x00000000e2080000,0x00000000e24f10f0,0x00000000e2a80000)
  to   space 10240K, 0% used [0x00000000e3f80000,0x00000000e3f80000,0x00000000e4980000)
 ParOldGen       total 59392K, used 9798K [0x00000000a0000000, 0x00000000a3a00000, 0x00000000e0000000)
  object space 59392K, 16% used [0x00000000a0000000,0x00000000a0991a88,0x00000000a3a00000)
 Metaspace       used 25837K, capacity 26358K, committed 26544K, reserved 1073152K
  class space    used 3486K, capacity 3676K, committed 3760K, reserved 1048576K
}
Event: 6.768 GC heap before
{Heap before GC invocations=9 (full 1):
 PSYoungGen      total 43520K, used 37828K [0x00000000e0000000, 0x00000000e4980000, 0x0000000100000000)
  eden space 33280K, 100% used [0x00000000e0000000,0x00000000e2080000,0x00000000e2080000)
  from space 10240K, 44% used [0x00000000e2080000,0x00000000e24f10f0,0x00000000e2a80000)
  to   space 10240K, 0% used [0x00000000e3f80000,0x00000000e3f80000,0x00000000e4980000)
 ParOldGen       total 59392K, used 9798K [0x00000000a0000000, 0x00000000a3a00000, 0x00000000e0000000)
  object space 59392K, 16% used [0x00000000a0000000,0x00000000a0991a88,0x00000000a3a00000)
 Metaspace       used 28853K, capacity 29422K, committed 29744K, reserved 1075200K
  class space    used 3880K, capacity 4074K, committed 4144K, reserved 1048576K
Event: 6.772 GC heap after
Heap after GC invocations=9 (full 1):
 PSYoungGen      total 61952K, used 5955K [0x00000000e0000000, 0x00000000e4780000, 0x0000000100000000)
  eden space 53760K, 0% used [0x00000000e0000000,0x00000000e0000000,0x00000000e3480000)
  from space 8192K, 72% used [0x00000000e3f80000,0x00000000e4550f58,0x00000000e4780000)
  to   space 9728K, 0% used [0x00000000e3480000,0x00000000e3480000,0x00000000e3e00000)
 ParOldGen       total 59392K, used 9806K [0x00000000a0000000, 0x00000000a3a00000, 0x00000000e0000000)
  object space 59392K, 16% used [0x00000000a0000000,0x00000000a0993a88,0x00000000a3a00000)
 Metaspace       used 28853K, capacity 29422K, committed 29744K, reserved 1075200K
  class space    used 3880K, capacity 4074K, committed 4144K, reserved 1048576K
}
Event: 7.382 GC heap before
{Heap before GC invocations=10 (full 1):
 PSYoungGen      total 61952K, used 59715K [0x00000000e0000000, 0x00000000e4780000, 0x0000000100000000)
  eden space 53760K, 100% used [0x00000000e0000000,0x00000000e3480000,0x00000000e3480000)
  from space 8192K, 72% used [0x00000000e3f80000,0x00000000e4550f58,0x00000000e4780000)
  to   space 9728K, 0% used [0x00000000e3480000,0x00000000e3480000,0x00000000e3e00000)
 ParOldGen       total 59392K, used 9806K [0x00000000a0000000, 0x00000000a3a00000, 0x00000000e0000000)
  object space 59392K, 16% used [0x00000000a0000000,0x00000000a0993a88,0x00000000a3a00000)
 Metaspace       used 31484K, capacity 32064K, committed 32176K, reserved 1077248K
  class space    used 4337K, capacity 4526K, committed 4528K, reserved 1048576K
Event: 7.387 GC heap after
Heap after GC invocations=10 (full 1):
 PSYoungGen      total 63488K, used 7693K [0x00000000e0000000, 0x00000000e4780000, 0x0000000100000000)
  eden space 53760K, 0% used [0x00000000e0000000,0x00000000e0000000,0x00000000e3480000)
  from space 9728K, 79% used [0x00000000e3480000,0x00000000e3c03480,0x00000000e3e00000)
  to   space 8192K, 0% used [0x00000000e3f80000,0x00000000e3f80000,0x00000000e4780000)
 ParOldGen       total 59392K, used 9814K [0x00000000a0000000, 0x00000000a3a00000, 0x00000000e0000000)
  object space 59392K, 16% used [0x00000000a0000000,0x00000000a0995a88,0x00000000a3a00000)
 Metaspace       used 31484K, capacity 32064K, committed 32176K, reserved 1077248K
  class space    used 4337K, capacity 4526K, committed 4528K, reserved 1048576K
}

