# JRE version: OpenJDK Runtime Environment (8.0_152-b01) (build 1.8.0_152-release-1343-b01)
# Java VM: OpenJDK 64-Bit Server VM (25.152-b01 mixed mode windows-amd64 compressed oops)
Heap:
 PSYoungGen      total 419328K, used 312576K [0x00000000e0000000, 0x00000000ff080000, 0x0000000100000000)
  eden space 389120K, 80% used [0x00000000e0000000,0x00000000f31402a8,0x00000000f7c00000)
  from space 30208K, 0% used [0x00000000f7c00000,0x00000000f7c00000,0x00000000f9980000)
  to   space 28672K, 0% used [0x00000000fd480000,0x00000000fd480000,0x00000000ff080000)
 ParOldGen       total 159232K, used 51099K [0x00000000a0000000, 0x00000000a9b80000, 0x00000000e0000000)
  object space 159232K, 32% used [0x00000000a0000000,0x00000000a31e6e30,0x00000000a9b80000)
 Metaspace       used 93269K, capacity 97298K, committed 98840K, reserved 1134592K
  class space    used 11907K, capacity 12665K, committed 13080K, reserved 1048576K
GC Heap History (10 events):
Event: 130.265 GC heap before
{Heap before GC invocations=27 (full 3):
 PSYoungGen      total 289792K, used 275614K [0x00000000e0000000, 0x00000000f7180000, 0x0000000100000000)
  eden space 267264K, 100% used [0x00000000e0000000,0x00000000f0500000,0x00000000f0500000)
  from space 22528K, 37% used [0x00000000f0500000,0x00000000f0d27b10,0x00000000f1b00000)
  to   space 22016K, 0% used [0x00000000f5c00000,0x00000000f5c00000,0x00000000f7180000)
 ParOldGen       total 110080K, used 66735K [0x00000000a0000000, 0x00000000a6b80000, 0x00000000e0000000)
  object space 110080K, 60% used [0x00000000a0000000,0x00000000a412bd28,0x00000000a6b80000)
 Metaspace       used 83628K, capacity 88240K, committed 88472K, reserved 1126400K
  class space    used 10995K, capacity 11860K, committed 11928K, reserved 1048576K
Event: 130.287 GC heap after
Heap after GC invocations=27 (full 3):
 PSYoungGen      total 356864K, used 5317K [0x00000000e0000000, 0x00000000f7300000, 0x0000000100000000)
  eden space 334848K, 0% used [0x00000000e0000000,0x00000000e0000000,0x00000000f4700000)
  from space 22016K, 24% used [0x00000000f5c00000,0x00000000f61317f8,0x00000000f7180000)
  to   space 21504K, 0% used [0x00000000f4700000,0x00000000f4700000,0x00000000f5c00000)
 ParOldGen       total 110080K, used 72140K [0x00000000a0000000, 0x00000000a6b80000, 0x00000000e0000000)
  object space 110080K, 65% used [0x00000000a0000000,0x00000000a4673348,0x00000000a6b80000)
 Metaspace       used 83628K, capacity 88240K, committed 88472K, reserved 1126400K
  class space    used 10995K, capacity 11860K, committed 11928K, reserved 1048576K
}
Event: 130.750 GC heap before
{Heap before GC invocations=28 (full 3):
 PSYoungGen      total 356864K, used 340165K [0x00000000e0000000, 0x00000000f7300000, 0x0000000100000000)
  eden space 334848K, 100% used [0x00000000e0000000,0x00000000f4700000,0x00000000f4700000)
  from space 22016K, 24% used [0x00000000f5c00000,0x00000000f61317f8,0x00000000f7180000)
  to   space 21504K, 0% used [0x00000000f4700000,0x00000000f4700000,0x00000000f5c00000)
 ParOldGen       total 110080K, used 72140K [0x00000000a0000000, 0x00000000a6b80000, 0x00000000e0000000)
  object space 110080K, 65% used [0x00000000a0000000,0x00000000a4673348,0x00000000a6b80000)
 Metaspace       used 83957K, capacity 88652K, committed 88728K, reserved 1126400K
  class space    used 11003K, capacity 11896K, committed 11928K, reserved 1048576K
Event: 130.766 GC heap after
Heap after GC invocations=28 (full 3):
 PSYoungGen      total 356352K, used 5448K [0x00000000e0000000, 0x00000000fae00000, 0x0000000100000000)
  eden space 334848K, 0% used [0x00000000e0000000,0x00000000e0000000,0x00000000f4700000)
  from space 21504K, 25% used [0x00000000f4700000,0x00000000f4c52210,0x00000000f5c00000)
  to   space 20992K, 0% used [0x00000000f9980000,0x00000000f9980000,0x00000000fae00000)
 ParOldGen       total 110080K, used 73344K [0x00000000a0000000, 0x00000000a6b80000, 0x00000000e0000000)
  object space 110080K, 66% used [0x00000000a0000000,0x00000000a47a00a0,0x00000000a6b80000)
 Metaspace       used 83957K, capacity 88652K, committed 88728K, reserved 1126400K
  class space    used 11003K, capacity 11896K, committed 11928K, reserved 1048576K
}
Event: 132.139 GC heap before
{Heap before GC invocations=29 (full 3):
 PSYoungGen      total 356352K, used 340296K [0x00000000e0000000, 0x00000000fae00000, 0x0000000100000000)
  eden space 334848K, 100% used [0x00000000e0000000,0x00000000f4700000,0x00000000f4700000)
  from space 21504K, 25% used [0x00000000f4700000,0x00000000f4c52210,0x00000000f5c00000)
  to   space 20992K, 0% used [0x00000000f9980000,0x00000000f9980000,0x00000000fae00000)
 ParOldGen       total 110080K, used 73344K [0x00000000a0000000, 0x00000000a6b80000, 0x00000000e0000000)
  object space 110080K, 66% used [0x00000000a0000000,0x00000000a47a00a0,0x00000000a6b80000)
 Metaspace       used 84775K, capacity 89516K, committed 89624K, reserved 1126400K
  class space    used 11065K, capacity 11956K, committed 12056K, reserved 1048576K
Event: 132.174 GC heap after
Heap after GC invocations=29 (full 3):
 PSYoungGen      total 410112K, used 20987K [0x00000000e0000000, 0x00000000fbd00000, 0x0000000100000000)
  eden space 389120K, 0% used [0x00000000e0000000,0x00000000e0000000,0x00000000f7c00000)
  from space 20992K, 99% used [0x00000000f9980000,0x00000000fadfec50,0x00000000fae00000)
  to   space 30208K, 0% used [0x00000000f7c00000,0x00000000f7c00000,0x00000000f9980000)
 ParOldGen       total 110080K, used 88809K [0x00000000a0000000, 0x00000000a6b80000, 0x00000000e0000000)
  object space 110080K, 80% used [0x00000000a0000000,0x00000000a56ba470,0x00000000a6b80000)
 Metaspace       used 84775K, capacity 89516K, committed 89624K, reserved 1126400K
  class space    used 11065K, capacity 11956K, committed 12056K, reserved 1048576K
}
Event: 196.270 GC heap before
{Heap before GC invocations=30 (full 3):
 PSYoungGen      total 410112K, used 410107K [0x00000000e0000000, 0x00000000fbd00000, 0x0000000100000000)
  eden space 389120K, 100% used [0x00000000e0000000,0x00000000f7c00000,0x00000000f7c00000)
  from space 20992K, 99% used [0x00000000f9980000,0x00000000fadfec50,0x00000000fae00000)
  to   space 30208K, 0% used [0x00000000f7c00000,0x00000000f7c00000,0x00000000f9980000)
 ParOldGen       total 110080K, used 88809K [0x00000000a0000000, 0x00000000a6b80000, 0x00000000e0000000)
  object space 110080K, 80% used [0x00000000a0000000,0x00000000a56ba470,0x00000000a6b80000)
 Metaspace       used 86894K, capacity 91880K, committed 92184K, reserved 1128448K
  class space    used 11326K, capacity 12190K, committed 12312K, reserved 1048576K
Event: 196.285 GC heap after
Heap after GC invocations=30 (full 3):
 PSYoungGen      total 419328K, used 9462K [0x00000000e0000000, 0x00000000ff080000, 0x0000000100000000)
  eden space 389120K, 0% used [0x00000000e0000000,0x00000000e0000000,0x00000000f7c00000)
  from space 30208K, 31% used [0x00000000f7c00000,0x00000000f853d810,0x00000000f9980000)
  to   space 28672K, 0% used [0x00000000fd480000,0x00000000fd480000,0x00000000ff080000)
 ParOldGen       total 110080K, used 101841K [0x00000000a0000000, 0x00000000a6b80000, 0x00000000e0000000)
  object space 110080K, 92% used [0x00000000a0000000,0x00000000a63747b8,0x00000000a6b80000)
 Metaspace       used 86894K, capacity 91880K, committed 92184K, reserved 1128448K
  class space    used 11326K, capacity 12190K, committed 12312K, reserved 1048576K
}
Event: 196.285 GC heap before
{Heap before GC invocations=31 (full 4):
 PSYoungGen      total 419328K, used 9462K [0x00000000e0000000, 0x00000000ff080000, 0x0000000100000000)
  eden space 389120K, 0% used [0x00000000e0000000,0x00000000e0000000,0x00000000f7c00000)
  from space 30208K, 31% used [0x00000000f7c00000,0x00000000f853d810,0x00000000f9980000)
  to   space 28672K, 0% used [0x00000000fd480000,0x00000000fd480000,0x00000000ff080000)
 ParOldGen       total 110080K, used 101841K [0x00000000a0000000, 0x00000000a6b80000, 0x00000000e0000000)
  object space 110080K, 92% used [0x00000000a0000000,0x00000000a63747b8,0x00000000a6b80000)
 Metaspace       used 86894K, capacity 91880K, committed 92184K, reserved 1128448K
  class space    used 11326K, capacity 12190K, committed 12312K, reserved 1048576K
Event: 196.389 GC heap after
Heap after GC invocations=31 (full 4):
 PSYoungGen      total 419328K, used 0K [0x00000000e0000000, 0x00000000ff080000, 0x0000000100000000)
  eden space 389120K, 0% used [0x00000000e0000000,0x00000000e0000000,0x00000000f7c00000)
  from space 30208K, 0% used [0x00000000f7c00000,0x00000000f7c00000,0x00000000f9980000)
  to   space 28672K, 0% used [0x00000000fd480000,0x00000000fd480000,0x00000000ff080000)
 ParOldGen       total 159232K, used 51099K [0x00000000a0000000, 0x00000000a9b80000, 0x00000000e0000000)
  object space 159232K, 32% used [0x00000000a0000000,0x00000000a31e6e30,0x00000000a9b80000)
 Metaspace       used 86324K, capacity 90352K, committed 92184K, reserved 1128448K
  class space    used 11131K, capacity 11852K, committed 12312K, reserved 1048576K
}

