# JRE version: OpenJDK Runtime Environment (8.0_152-b01) (build 1.8.0_152-release-1343-b01)
# Java VM: OpenJDK 64-Bit Server VM (25.152-b01 mixed mode windows-amd64 compressed oops)
Heap:
 PSYoungGen      total 247296K, used 20475K [0x00000000e0000000, 0x00000000f5400000, 0x0000000100000000)
  eden space 226816K, 0% used [0x00000000e0000000,0x00000000e0000000,0x00000000edd80000)
  from space 20480K, 99% used [0x00000000edd80000,0x00000000ef17eea8,0x00000000ef180000)
  to   space 39424K, 0% used [0x00000000f2d80000,0x00000000f2d80000,0x00000000f5400000)
 ParOldGen       total 106496K, used 85309K [0x00000000a0000000, 0x00000000a6800000, 0x00000000e0000000)
  object space 106496K, 80% used [0x00000000a0000000,0x00000000a534f4f0,0x00000000a6800000)
 Metaspace       used 66626K, capacity 68988K, committed 69140K, reserved 1110016K
  class space    used 8973K, capacity 9435K, committed 9532K, reserved 1048576K
GC Heap History (10 events):
Event: 6.182 GC heap after
Heap after GC invocations=12 (full 2):
 PSYoungGen      total 181760K, used 11754K [0x00000000e0000000, 0x00000000ec200000, 0x0000000100000000)
  eden space 169984K, 0% used [0x00000000e0000000,0x00000000e0000000,0x00000000ea600000)
  from space 11776K, 99% used [0x00000000eb580000,0x00000000ec0fa8a8,0x00000000ec100000)
  to   space 14336K, 0% used [0x00000000ea600000,0x00000000ea600000,0x00000000eb400000)
 ParOldGen       total 70656K, used 20242K [0x00000000a0000000, 0x00000000a4500000, 0x00000000e0000000)
  object space 70656K, 28% used [0x00000000a0000000,0x00000000a13c4908,0x00000000a4500000)
 Metaspace       used 45742K, capacity 46702K, committed 47192K, reserved 1089536K
  class space    used 6180K, capacity 6420K, committed 6528K, reserved 1048576K
}
Event: 8.569 GC heap before
{Heap before GC invocations=13 (full 2):
 PSYoungGen      total 181760K, used 141359K [0x00000000e0000000, 0x00000000ec200000, 0x0000000100000000)
  eden space 169984K, 76% used [0x00000000e0000000,0x00000000e7e915b8,0x00000000ea600000)
  from space 11776K, 99% used [0x00000000eb580000,0x00000000ec0fa8a8,0x00000000ec100000)
  to   space 14336K, 0% used [0x00000000ea600000,0x00000000ea600000,0x00000000eb400000)
 ParOldGen       total 70656K, used 20242K [0x00000000a0000000, 0x00000000a4500000, 0x00000000e0000000)
  object space 70656K, 28% used [0x00000000a0000000,0x00000000a13c4908,0x00000000a4500000)
 Metaspace       used 57575K, capacity 59020K, committed 59028K, reserved 1099776K
  class space    used 7775K, capacity 8123K, committed 8124K, reserved 1048576K
Event: 8.583 GC heap after
Heap after GC invocations=13 (full 2):
 PSYoungGen      total 184320K, used 13697K [0x00000000e0000000, 0x00000000f0580000, 0x0000000100000000)
  eden space 169984K, 0% used [0x00000000e0000000,0x00000000e0000000,0x00000000ea600000)
  from space 14336K, 95% used [0x00000000ea600000,0x00000000eb360590,0x00000000eb400000)
  to   space 15872K, 0% used [0x00000000ef600000,0x00000000ef600000,0x00000000f0580000)
 ParOldGen       total 70656K, used 27644K [0x00000000a0000000, 0x00000000a4500000, 0x00000000e0000000)
  object space 70656K, 39% used [0x00000000a0000000,0x00000000a1aff180,0x00000000a4500000)
 Metaspace       used 57575K, capacity 59020K, committed 59028K, reserved 1099776K
  class space    used 7775K, capacity 8123K, committed 8124K, reserved 1048576K
}
Event: 8.583 GC heap before
{Heap before GC invocations=14 (full 3):
 PSYoungGen      total 184320K, used 13697K [0x00000000e0000000, 0x00000000f0580000, 0x0000000100000000)
  eden space 169984K, 0% used [0x00000000e0000000,0x00000000e0000000,0x00000000ea600000)
  from space 14336K, 95% used [0x00000000ea600000,0x00000000eb360590,0x00000000eb400000)
  to   space 15872K, 0% used [0x00000000ef600000,0x00000000ef600000,0x00000000f0580000)
 ParOldGen       total 70656K, used 27644K [0x00000000a0000000, 0x00000000a4500000, 0x00000000e0000000)
  object space 70656K, 39% used [0x00000000a0000000,0x00000000a1aff180,0x00000000a4500000)
 Metaspace       used 57575K, capacity 59020K, committed 59028K, reserved 1099776K
  class space    used 7775K, capacity 8123K, committed 8124K, reserved 1048576K
Event: 8.780 GC heap after
Heap after GC invocations=14 (full 3):
 PSYoungGen      total 184320K, used 0K [0x00000000e0000000, 0x00000000f0580000, 0x0000000100000000)
  eden space 169984K, 0% used [0x00000000e0000000,0x00000000e0000000,0x00000000ea600000)
  from space 14336K, 0% used [0x00000000ea600000,0x00000000ea600000,0x00000000eb400000)
  to   space 15872K, 0% used [0x00000000ef600000,0x00000000ef600000,0x00000000f0580000)
 ParOldGen       total 106496K, used 34503K [0x00000000a0000000, 0x00000000a6800000, 0x00000000e0000000)
  object space 106496K, 32% used [0x00000000a0000000,0x00000000a21b1e28,0x00000000a6800000)
 Metaspace       used 57575K, capacity 59020K, committed 59028K, reserved 1099776K
  class space    used 7775K, capacity 8123K, committed 8124K, reserved 1048576K
}
Event: 13.171 GC heap before
{Heap before GC invocations=15 (full 3):
 PSYoungGen      total 184320K, used 169984K [0x00000000e0000000, 0x00000000f0580000, 0x0000000100000000)
  eden space 169984K, 100% used [0x00000000e0000000,0x00000000ea600000,0x00000000ea600000)
  from space 14336K, 0% used [0x00000000ea600000,0x00000000ea600000,0x00000000eb400000)
  to   space 15872K, 0% used [0x00000000ef600000,0x00000000ef600000,0x00000000f0580000)
 ParOldGen       total 106496K, used 34503K [0x00000000a0000000, 0x00000000a6800000, 0x00000000e0000000)
  object space 106496K, 32% used [0x00000000a0000000,0x00000000a21b1e28,0x00000000a6800000)
 Metaspace       used 62573K, capacity 64602K, committed 64916K, reserved 1105920K
  class space    used 8413K, capacity 8868K, committed 8892K, reserved 1048576K
Event: 13.187 GC heap after
Heap after GC invocations=15 (full 3):
 PSYoungGen      total 230400K, used 15847K [0x00000000e0000000, 0x00000000f0580000, 0x0000000100000000)
  eden space 214528K, 0% used [0x00000000e0000000,0x00000000e0000000,0x00000000ed180000)
  from space 15872K, 99% used [0x00000000ef600000,0x00000000f0579d50,0x00000000f0580000)
  to   space 20480K, 0% used [0x00000000edd80000,0x00000000edd80000,0x00000000ef180000)
 ParOldGen       total 106496K, used 41338K [0x00000000a0000000, 0x00000000a6800000, 0x00000000e0000000)
  object space 106496K, 38% used [0x00000000a0000000,0x00000000a285eb18,0x00000000a6800000)
 Metaspace       used 62573K, capacity 64602K, committed 64916K, reserved 1105920K
  class space    used 8413K, capacity 8868K, committed 8892K, reserved 1048576K
}
Event: 16.805 GC heap before
{Heap before GC invocations=16 (full 3):
 PSYoungGen      total 230400K, used 230375K [0x00000000e0000000, 0x00000000f0580000, 0x0000000100000000)
  eden space 214528K, 100% used [0x00000000e0000000,0x00000000ed180000,0x00000000ed180000)
  from space 15872K, 99% used [0x00000000ef600000,0x00000000f0579d50,0x00000000f0580000)
  to   space 20480K, 0% used [0x00000000edd80000,0x00000000edd80000,0x00000000ef180000)
 ParOldGen       total 106496K, used 41338K [0x00000000a0000000, 0x00000000a6800000, 0x00000000e0000000)
  object space 106496K, 38% used [0x00000000a0000000,0x00000000a285eb18,0x00000000a6800000)
 Metaspace       used 66626K, capacity 68988K, committed 69140K, reserved 1110016K
  class space    used 8973K, capacity 9435K, committed 9532K, reserved 1048576K
Event: 16.865 GC heap after
Heap after GC invocations=16 (full 3):
 PSYoungGen      total 247296K, used 20475K [0x00000000e0000000, 0x00000000f5400000, 0x0000000100000000)
  eden space 226816K, 0% used [0x00000000e0000000,0x00000000e0000000,0x00000000edd80000)
  from space 20480K, 99% used [0x00000000edd80000,0x00000000ef17eea8,0x00000000ef180000)
  to   space 39424K, 0% used [0x00000000f2d80000,0x00000000f2d80000,0x00000000f5400000)
 ParOldGen       total 106496K, used 85309K [0x00000000a0000000, 0x00000000a6800000, 0x00000000e0000000)
  object space 106496K, 80% used [0x00000000a0000000,0x00000000a534f4f0,0x00000000a6800000)
 Metaspace       used 66626K, capacity 68988K, committed 69140K, reserved 1110016K
  class space    used 8973K, capacity 9435K, committed 9532K, reserved 1048576K
}
Event: 16.865 GC heap before
{Heap before GC invocations=17 (full 4):
 PSYoungGen      total 247296K, used 20475K [0x00000000e0000000, 0x00000000f5400000, 0x0000000100000000)
  eden space 226816K, 0% used [0x00000000e0000000,0x00000000e0000000,0x00000000edd80000)
  from space 20480K, 99% used [0x00000000edd80000,0x00000000ef17eea8,0x00000000ef180000)
  to   space 39424K, 0% used [0x00000000f2d80000,0x00000000f2d80000,0x00000000f5400000)
 ParOldGen       total 106496K, used 85309K [0x00000000a0000000, 0x00000000a6800000, 0x00000000e0000000)
  object space 106496K, 80% used [0x00000000a0000000,0x00000000a534f4f0,0x00000000a6800000)
 Metaspace       used 66626K, capacity 68988K, committed 69140K, reserved 1110016K
  class space    used 8973K, capacity 9435K, committed 9532K, reserved 1048576K

